<?xml version="1.0" encoding="UTF-8"?>
<!-- Generated by org.testng.reporters.JUnitReportReporter -->
<testsuite hostname="LMC-LT-091" failures="0" tests="1" name="com.dropDown.SelectFacebookDropDown" time="10.336" errors="0" timestamp="2022-01-24T16:09:24 IST" skipped="0">
  <testcase classname="com.dropDown.SelectFacebookDropDown" name="setUp" time="10.336"/>
  <system-out/>
</testsuite> <!-- com.dropDown.SelectFacebookDropDown -->
