<?xml version="1.0" encoding="UTF-8"?>
<!-- Generated by org.testng.reporters.JUnitReportReporter -->
<testsuite hostname="LMC-LT-091" failures="0" tests="1" name="com.dropDown.RemoveDuplicates" time="5.146" errors="0" timestamp="2022-01-24T18:39:14 IST" skipped="0">
  <testcase classname="com.dropDown.RemoveDuplicates" name="dropDown" time="5.146"/>
  <system-out/>
</testsuite> <!-- com.dropDown.RemoveDuplicates -->
