<?xml version="1.0" encoding="UTF-8"?>
<!-- Generated by org.testng.reporters.JUnitReportReporter -->
<testsuite hostname="LMC-LT-091" failures="0" tests="1" name="com.Listeners.Screen" time="0.006" errors="0" timestamp="2022-01-12T12:10:44 IST" skipped="0">
  <testcase classname="com.Listeners.Screen" name="test1" time="0.006"/>
  <system-out/>
</testsuite> <!-- com.Listeners.Screen -->
