<?xml version="1.0" encoding="UTF-8"?>
<!-- Generated by org.testng.reporters.JUnitReportReporter -->
<testsuite hostname="LMC-LT-091" failures="0" tests="1" name="com.FilloConcept.UpdateDataIntoExcel" time="0.672" errors="0" timestamp="2022-01-23T16:10:59 IST" skipped="0">
  <testcase classname="com.FilloConcept.UpdateDataIntoExcel" name="run" time="0.672"/>
  <system-out/>
</testsuite> <!-- com.FilloConcept.UpdateDataIntoExcel -->
