<?xml version="1.0" encoding="UTF-8"?>
<!-- Generated by org.testng.reporters.JUnitReportReporter -->
<testsuite hostname="LMC-LT-091" failures="0" tests="1" name="com.DataProvider.DataExcel" time="18.162" errors="0" timestamp="2022-01-21T10:21:15 IST" skipped="0">
  <testcase classname="com.DataProvider.DataExcel" name="TestLogin" time="18.162"/>
  <system-out/>
</testsuite> <!-- com.DataProvider.DataExcel -->
