<?xml version="1.0" encoding="UTF-8"?>
<!-- Generated by org.testng.reporters.JUnitReportReporter -->
<testsuite hostname="LMC-LT-091" failures="0" tests="1" name="com.FilloConcept.Lavanish" time="0.495" errors="0" timestamp="2022-01-23T14:50:31 IST" skipped="0">
  <testcase classname="com.FilloConcept.Lavanish" name="run" time="0.495"/>
  <system-out/>
</testsuite> <!-- com.FilloConcept.Lavanish -->
