<?xml version="1.0" encoding="UTF-8"?>
<!-- Generated by org.testng.reporters.JUnitReportReporter -->
<testsuite hostname="LMC-LT-091" failures="0" tests="1" name="com.AutomationBasics.HandleAlerts" time="11.785" errors="0" timestamp="2022-01-19T14:08:24 IST" skipped="0">
  <testcase classname="com.AutomationBasics.HandleAlerts" name="alert" time="11.785"/>
  <system-out/>
</testsuite> <!-- com.AutomationBasics.HandleAlerts -->
