<?xml version="1.0" encoding="UTF-8"?>
<!-- Generated by org.testng.reporters.JUnitReportReporter -->
<testsuite hostname="LMC-LT-091" failures="0" tests="1" name="Lavanish" time="0.763" errors="0" timestamp="2022-01-23T10:56:43 IST" skipped="0">
  <testcase classname="Lavanish" name="run" time="0.763"/>
  <system-out/>
</testsuite> <!-- Lavanish -->
