<?xml version="1.0" encoding="UTF-8"?>
<!-- Generated by org.testng.reporters.JUnitReportReporter -->
<testsuite hostname="LMC-LT-091" failures="0" tests="1" name="com.dropDown.HandlingMultipleElements" time="2.423" errors="0" timestamp="2022-01-24T12:53:20 IST" skipped="0">
  <testcase classname="com.dropDown.HandlingMultipleElements" name="multipleWebElement" time="2.423"/>
  <system-out/>
</testsuite> <!-- com.dropDown.HandlingMultipleElements -->
