<?xml version="1.0" encoding="UTF-8"?>
<!-- Generated by org.testng.reporters.JUnitReportReporter -->
<testsuite hostname="LMC-LT-091" failures="0" tests="1" name="com.dropDown.HandlingDropDown" time="5.132" errors="0" timestamp="2022-01-24T17:26:54 IST" skipped="0">
  <testcase classname="com.dropDown.HandlingDropDown" name="dropDown" time="5.132"/>
  <system-out/>
</testsuite> <!-- com.dropDown.HandlingDropDown -->
