<?xml version="1.0" encoding="UTF-8"?>
<!-- Generated by org.testng.reporters.JUnitReportReporter -->
<testsuite hostname="LMC-LT-091" failures="0" tests="1" name="com.FilloConcept.ReadDataUsingWhere" time="0.484" errors="0" timestamp="2022-01-23T14:48:56 IST" skipped="0">
  <testcase classname="com.FilloConcept.ReadDataUsingWhere" name="run" time="0.484"/>
  <system-out/>
</testsuite> <!-- com.FilloConcept.ReadDataUsingWhere -->
