<?xml version="1.0" encoding="UTF-8"?>
<!-- Generated by org.testng.reporters.JUnitReportReporter -->
<testsuite hostname="LMC-LT-091" failures="0" tests="1" name="ScreenshotFailedTestCase.ScreenShotTest" time="5.486" errors="0" timestamp="2022-01-13T09:48:46 IST" skipped="0">
  <testcase classname="ScreenshotFailedTestCase.ScreenShotTest" name="takeScreenshotTest" time="5.486"/>
  <system-out/>
</testsuite> <!-- ScreenshotFailedTestCase.ScreenShotTest -->
