<?xml version="1.0" encoding="UTF-8"?>
<!-- Generated by org.testng.reporters.JUnitReportReporter -->
<testsuite hostname="LMC-LT-091" failures="0" tests="1" name="com.FilloConcept.ReadDataUsingSelectQuery" time="0.531" errors="0" timestamp="2022-01-23T15:53:31 IST" skipped="0">
  <testcase classname="com.FilloConcept.ReadDataUsingSelectQuery" name="run" time="0.531"/>
  <system-out/>
</testsuite> <!-- com.FilloConcept.ReadDataUsingSelectQuery -->
