<?xml version="1.0" encoding="UTF-8"?>
<!-- Generated by org.testng.reporters.JUnitReportReporter -->
<testsuite hostname="LMC-LT-091" failures="0" tests="1" name="com.Filehandling.DownloadFile" time="21.655" errors="0" timestamp="2022-01-19T15:58:49 IST" skipped="0">
  <testcase classname="com.Filehandling.DownloadFile" name="fd" time="21.655"/>
  <system-out/>
</testsuite> <!-- com.Filehandling.DownloadFile -->
