<?xml version="1.0" encoding="UTF-8"?>
<!-- Generated by org.testng.reporters.JUnitReportReporter -->
<testsuite hostname="LMC-LT-091" failures="0" tests="1" name="com.AutomationBasics.HandlingMultipleElements" time="6.893" errors="0" timestamp="2022-01-24T12:45:12 IST" skipped="0">
  <testcase classname="com.AutomationBasics.HandlingMultipleElements" name="webElement" time="6.893"/>
  <system-out/>
</testsuite> <!-- com.AutomationBasics.HandlingMultipleElements -->
