<?xml version="1.0" encoding="UTF-8"?>
<!-- Generated by org.testng.reporters.JUnitReportReporter -->
<testsuite hostname="LMC-LT-091" failures="0" tests="1" name="com.dropDown.HandlingMultiSelectDropDown" time="5.411" errors="0" timestamp="2022-01-24T17:31:13 IST" skipped="0">
  <testcase classname="com.dropDown.HandlingMultiSelectDropDown" name="dropDown" time="5.411"/>
  <system-out/>
</testsuite> <!-- com.dropDown.HandlingMultiSelectDropDown -->
