<?xml version="1.0" encoding="UTF-8"?>
<!-- Generated by org.testng.reporters.JUnitReportReporter -->
<testsuite hostname="LMC-LT-091" failures="0" tests="1" name="com.AutomationBasics.NavigateMethods" time="18.793" errors="0" timestamp="2022-01-23T16:44:26 IST" skipped="0">
  <testcase classname="com.AutomationBasics.NavigateMethods" name="navigate" time="18.793"/>
  <system-out/>
</testsuite> <!-- com.AutomationBasics.NavigateMethods -->
